{"level":"fatal","message":"User not found"}
{"level":"fatal","message":"User not found"}
{"level":"fatal","message":"Parameter \"obj\" to Document() must be an object, got Savion40@hotmail.com"}
{"level":"fatal","message":"email is not defined"}
{"level":"fatal","message":"Incorrect credentials"}
{"level":"fatal","message":"Incorrect credentials"}
{"level":"fatal","message":"Incorrect credentials"}
{"level":"fatal","message":"Incorrect credentials"}
{"level":"fatal","message":"Incorrect credentials"}
{"level":"fatal","message":"Incorrect credentials"}
{"level":"fatal","message":"Incorrect credentials"}
{"level":"fatal","message":"Incorrect credentials"}
{"level":"fatal","message":"Incorrect credentials"}
{"level":"fatal","message":"data and hash arguments required"}
{"level":"fatal","message":"Incorrect credentials"}
{"level":"fatal","message":"Incorrect credentials"}
{"level":"fatal","message":"Incorrect credentials"}
{"level":"fatal","message":"Incorrect credentials"}
{"level":"fatal","message":"Incorrect credentials"}
{"level":"fatal","message":"Incorrect credentials"}
{"level":"fatal","message":"Incorrect credentials"}
{"level":"fatal","message":"Incorrect credentials"}
{"level":"fatal","message":"Incorrect credentials"}
{"level":"fatal","message":"Incorrect credentials"}
{"level":"fatal","message":"Incorrect credentials"}
{"level":"fatal","message":"Incorrect credentials"}
{"level":"fatal","message":"Incorrect credentials"}
{"level":"fatal","message":"Incorrect credentials"}
{"level":"fatal","message":"Incorrect credentials"}
{"level":"fatal","message":"Incorrect credentials"}
{"level":"fatal","message":"Incorrect credentials"}
{"level":"fatal","message":"Incorrect credentials"}
{"level":"fatal","message":"Incorrect credentials"}
{"level":"fatal","message":"Incorrect credentials"}
{"level":"fatal","message":"Incorrect credentials"}
{"level":"fatal","message":"Incorrect credentials"}
{"level":"fatal","message":"Incorrect credentials"}
{"level":"fatal","message":"Incorrect credentials"}
{"level":"fatal","message":"Incorrect credentials"}
{"level":"fatal","message":"Incorrect credentials"}
{"level":"fatal","message":"Incorrect credentials"}
{"level":"fatal","message":"user is not defined"}
{"level":"fatal","message":"data and hash arguments required"}
